# Logfile created on 2014-04-12 10:01:54 -0400 by logger.rb/41954
I, [2014-04-12T10:01:54.346270 #18540]  INFO -- : 0:  pg (0.17.1) from /Users/Modulus/.rvm/gems/ruby-2.0.0-p353/specifications/pg-0.17.1.gemspec
I, [2014-04-12T10:01:54.346681 #18540]  INFO -- : 0:  rack (1.5.2) from /Users/Modulus/.rvm/gems/ruby-2.0.0-p353/specifications/rack-1.5.2.gemspec
I, [2014-04-12T10:01:54.346983 #18540]  INFO -- : 0:  rack-protection (1.5.2) from /Users/Modulus/.rvm/gems/ruby-2.0.0-p353/specifications/rack-protection-1.5.2.gemspec
I, [2014-04-12T10:01:54.347264 #18540]  INFO -- : 0:  shotgun (0.9) from /Users/Modulus/.rvm/gems/ruby-2.0.0-p353/specifications/shotgun-0.9.gemspec
I, [2014-04-12T10:01:54.347538 #18540]  INFO -- : 0:  tilt (1.4.1) from /Users/Modulus/.rvm/gems/ruby-2.0.0-p353/specifications/tilt-1.4.1.gemspec
I, [2014-04-12T10:01:54.347812 #18540]  INFO -- : 0:  sinatra (1.4.4) from /Users/Modulus/.rvm/gems/ruby-2.0.0-p353/specifications/sinatra-1.4.4.gemspec
I, [2014-04-12T10:01:54.348086 #18540]  INFO -- : 0:  bundler (1.5.1) from /Users/Modulus/.rvm/gems/ruby-2.0.0-p353@global/specifications/bundler-1.5.1.gemspec
I, [2014-04-12T10:04:24.327499 #18842]  INFO -- : 0:  i18n (0.6.9) from /Users/Modulus/.rvm/gems/ruby-2.0.0-p353/specifications/i18n-0.6.9.gemspec
I, [2014-04-12T10:04:24.328041 #18842]  INFO -- : 0:  json (1.8.1) from /Users/Modulus/.rvm/gems/ruby-2.0.0-p353/specifications/json-1.8.1.gemspec
I, [2014-04-12T10:04:26.395865 #18842]  INFO -- : 0:  minitest (5.3.2) from /Users/Modulus/.rvm/gems/ruby-2.0.0-p353/specifications/minitest-5.3.2.gemspec
I, [2014-04-12T10:04:26.396349 #18842]  INFO -- : 0:  thread_safe (0.3.3) from /Users/Modulus/.rvm/gems/ruby-2.0.0-p353/specifications/thread_safe-0.3.3.gemspec
I, [2014-04-12T10:04:28.029573 #18842]  INFO -- : 0:  tzinfo (1.1.0) from /Users/Modulus/.rvm/gems/ruby-2.0.0-p353/specifications/tzinfo-1.1.0.gemspec
I, [2014-04-12T10:04:29.147837 #18842]  INFO -- : 0:  activesupport (4.1.0) from /Users/Modulus/.rvm/gems/ruby-2.0.0-p353/specifications/activesupport-4.1.0.gemspec
I, [2014-04-12T10:04:30.553305 #18842]  INFO -- : 0:  builder (3.2.2) from /Users/Modulus/.rvm/gems/ruby-2.0.0-p353/specifications/builder-3.2.2.gemspec
I, [2014-04-12T10:04:31.471562 #18842]  INFO -- : 0:  activemodel (4.1.0) from /Users/Modulus/.rvm/gems/ruby-2.0.0-p353/specifications/activemodel-4.1.0.gemspec
I, [2014-04-12T10:04:32.888760 #18842]  INFO -- : 0:  arel (5.0.0) from /Users/Modulus/.rvm/gems/ruby-2.0.0-p353/specifications/arel-5.0.0.gemspec
I, [2014-04-12T10:04:34.774780 #18842]  INFO -- : 0:  activerecord (4.1.0) from /Users/Modulus/.rvm/gems/ruby-2.0.0-p353/specifications/activerecord-4.1.0.gemspec
I, [2014-04-12T10:04:34.775304 #18842]  INFO -- : 0:  pg (0.17.1) from /Users/Modulus/.rvm/gems/ruby-2.0.0-p353/specifications/pg-0.17.1.gemspec
I, [2014-04-12T10:04:34.775720 #18842]  INFO -- : 0:  rack (1.5.2) from /Users/Modulus/.rvm/gems/ruby-2.0.0-p353/specifications/rack-1.5.2.gemspec
I, [2014-04-12T10:04:34.776228 #18842]  INFO -- : 0:  rack-protection (1.5.2) from /Users/Modulus/.rvm/gems/ruby-2.0.0-p353/specifications/rack-protection-1.5.2.gemspec
I, [2014-04-12T10:04:34.776723 #18842]  INFO -- : 0:  shotgun (0.9) from /Users/Modulus/.rvm/gems/ruby-2.0.0-p353/specifications/shotgun-0.9.gemspec
I, [2014-04-12T10:04:34.777058 #18842]  INFO -- : 0:  tilt (1.4.1) from /Users/Modulus/.rvm/gems/ruby-2.0.0-p353/specifications/tilt-1.4.1.gemspec
I, [2014-04-12T10:04:34.777379 #18842]  INFO -- : 0:  sinatra (1.4.4) from /Users/Modulus/.rvm/gems/ruby-2.0.0-p353/specifications/sinatra-1.4.4.gemspec
I, [2014-04-12T10:04:36.293191 #18842]  INFO -- : 0:  sinatra-activerecord (1.7.0) from /Users/Modulus/.rvm/gems/ruby-2.0.0-p353/specifications/sinatra-activerecord-1.7.0.gemspec
I, [2014-04-12T10:04:36.293609 #18842]  INFO -- : 0:  bundler (1.5.1) from /Users/Modulus/.rvm/gems/ruby-2.0.0-p353@global/specifications/bundler-1.5.1.gemspec
I, [2014-04-12T10:40:16.883560 #20266]  INFO -- : 0:  i18n (0.6.9) from /Users/Modulus/.rvm/gems/ruby-2.0.0-p353/specifications/i18n-0.6.9.gemspec
I, [2014-04-12T10:40:16.884017 #20266]  INFO -- : 0:  json (1.8.1) from /Users/Modulus/.rvm/gems/ruby-2.0.0-p353/specifications/json-1.8.1.gemspec
I, [2014-04-12T10:40:16.884339 #20266]  INFO -- : 0:  minitest (5.3.2) from /Users/Modulus/.rvm/gems/ruby-2.0.0-p353/specifications/minitest-5.3.2.gemspec
I, [2014-04-12T10:40:16.884631 #20266]  INFO -- : 0:  thread_safe (0.3.3) from /Users/Modulus/.rvm/gems/ruby-2.0.0-p353/specifications/thread_safe-0.3.3.gemspec
I, [2014-04-12T10:40:16.884909 #20266]  INFO -- : 0:  tzinfo (1.1.0) from /Users/Modulus/.rvm/gems/ruby-2.0.0-p353/specifications/tzinfo-1.1.0.gemspec
I, [2014-04-12T10:40:16.885192 #20266]  INFO -- : 0:  activesupport (4.1.0) from /Users/Modulus/.rvm/gems/ruby-2.0.0-p353/specifications/activesupport-4.1.0.gemspec
I, [2014-04-12T10:40:16.885457 #20266]  INFO -- : 0:  builder (3.2.2) from /Users/Modulus/.rvm/gems/ruby-2.0.0-p353/specifications/builder-3.2.2.gemspec
I, [2014-04-12T10:40:16.885737 #20266]  INFO -- : 0:  activemodel (4.1.0) from /Users/Modulus/.rvm/gems/ruby-2.0.0-p353/specifications/activemodel-4.1.0.gemspec
I, [2014-04-12T10:40:16.886010 #20266]  INFO -- : 0:  arel (5.0.0) from /Users/Modulus/.rvm/gems/ruby-2.0.0-p353/specifications/arel-5.0.0.gemspec
I, [2014-04-12T10:40:16.886286 #20266]  INFO -- : 0:  activerecord (4.1.0) from /Users/Modulus/.rvm/gems/ruby-2.0.0-p353/specifications/activerecord-4.1.0.gemspec
I, [2014-04-12T10:40:16.886623 #20266]  INFO -- : 0:  pg (0.17.1) from /Users/Modulus/.rvm/gems/ruby-2.0.0-p353/specifications/pg-0.17.1.gemspec
I, [2014-04-12T10:40:16.886883 #20266]  INFO -- : 0:  rack (1.5.2) from /Users/Modulus/.rvm/gems/ruby-2.0.0-p353/specifications/rack-1.5.2.gemspec
I, [2014-04-12T10:40:16.887144 #20266]  INFO -- : 0:  rack-protection (1.5.2) from /Users/Modulus/.rvm/gems/ruby-2.0.0-p353/specifications/rack-protection-1.5.2.gemspec
I, [2014-04-12T10:40:16.887405 #20266]  INFO -- : 0:  shotgun (0.9) from /Users/Modulus/.rvm/gems/ruby-2.0.0-p353/specifications/shotgun-0.9.gemspec
I, [2014-04-12T10:40:16.887665 #20266]  INFO -- : 0:  tilt (1.4.1) from /Users/Modulus/.rvm/gems/ruby-2.0.0-p353/specifications/tilt-1.4.1.gemspec
I, [2014-04-12T10:40:16.887925 #20266]  INFO -- : 0:  sinatra (1.4.4) from /Users/Modulus/.rvm/gems/ruby-2.0.0-p353/specifications/sinatra-1.4.4.gemspec
I, [2014-04-12T10:40:16.888186 #20266]  INFO -- : 0:  sinatra-activerecord (1.7.0) from /Users/Modulus/.rvm/gems/ruby-2.0.0-p353/specifications/sinatra-activerecord-1.7.0.gemspec
I, [2014-04-12T10:40:16.888439 #20266]  INFO -- : 0:  bundler (1.5.1) from /Users/Modulus/.rvm/gems/ruby-2.0.0-p353@global/specifications/bundler-1.5.1.gemspec
I, [2014-04-14T14:55:43.374740 #25959]  INFO -- : 0:  i18n (0.6.9) from /Users/Modulus/.rvm/gems/ruby-2.0.0-p353/specifications/i18n-0.6.9.gemspec
I, [2014-04-14T14:55:43.377338 #25959]  INFO -- : 0:  json (1.8.1) from /Users/Modulus/.rvm/gems/ruby-2.0.0-p353/specifications/json-1.8.1.gemspec
I, [2014-04-14T14:55:43.378018 #25959]  INFO -- : 0:  minitest (5.3.2) from /Users/Modulus/.rvm/gems/ruby-2.0.0-p353/specifications/minitest-5.3.2.gemspec
I, [2014-04-14T14:55:43.378518 #25959]  INFO -- : 0:  thread_safe (0.3.3) from /Users/Modulus/.rvm/gems/ruby-2.0.0-p353/specifications/thread_safe-0.3.3.gemspec
I, [2014-04-14T14:55:43.378981 #25959]  INFO -- : 0:  tzinfo (1.1.0) from /Users/Modulus/.rvm/gems/ruby-2.0.0-p353/specifications/tzinfo-1.1.0.gemspec
I, [2014-04-14T14:55:43.379350 #25959]  INFO -- : 0:  activesupport (4.1.0) from /Users/Modulus/.rvm/gems/ruby-2.0.0-p353/specifications/activesupport-4.1.0.gemspec
I, [2014-04-14T14:55:43.379688 #25959]  INFO -- : 0:  builder (3.2.2) from /Users/Modulus/.rvm/gems/ruby-2.0.0-p353/specifications/builder-3.2.2.gemspec
I, [2014-04-14T14:55:43.380072 #25959]  INFO -- : 0:  activemodel (4.1.0) from /Users/Modulus/.rvm/gems/ruby-2.0.0-p353/specifications/activemodel-4.1.0.gemspec
I, [2014-04-14T14:55:43.380710 #25959]  INFO -- : 0:  arel (5.0.0) from /Users/Modulus/.rvm/gems/ruby-2.0.0-p353/specifications/arel-5.0.0.gemspec
I, [2014-04-14T14:55:43.381292 #25959]  INFO -- : 0:  activerecord (4.1.0) from /Users/Modulus/.rvm/gems/ruby-2.0.0-p353/specifications/activerecord-4.1.0.gemspec
I, [2014-04-14T14:55:43.381837 #25959]  INFO -- : 0:  pg (0.17.1) from /Users/Modulus/.rvm/gems/ruby-2.0.0-p353/specifications/pg-0.17.1.gemspec
I, [2014-04-14T14:55:43.382259 #25959]  INFO -- : 0:  rack (1.5.2) from /Users/Modulus/.rvm/gems/ruby-2.0.0-p353/specifications/rack-1.5.2.gemspec
I, [2014-04-14T14:55:43.382699 #25959]  INFO -- : 0:  rack-protection (1.5.2) from /Users/Modulus/.rvm/gems/ruby-2.0.0-p353/specifications/rack-protection-1.5.2.gemspec
I, [2014-04-14T14:55:43.383090 #25959]  INFO -- : 0:  shotgun (0.9) from /Users/Modulus/.rvm/gems/ruby-2.0.0-p353/specifications/shotgun-0.9.gemspec
I, [2014-04-14T14:55:43.383480 #25959]  INFO -- : 0:  tilt (1.4.1) from /Users/Modulus/.rvm/gems/ruby-2.0.0-p353/specifications/tilt-1.4.1.gemspec
I, [2014-04-14T14:55:43.383864 #25959]  INFO -- : 0:  sinatra (1.4.4) from /Users/Modulus/.rvm/gems/ruby-2.0.0-p353/specifications/sinatra-1.4.4.gemspec
I, [2014-04-14T14:55:43.384246 #25959]  INFO -- : 0:  sinatra-activerecord (1.7.0) from /Users/Modulus/.rvm/gems/ruby-2.0.0-p353/specifications/sinatra-activerecord-1.7.0.gemspec
I, [2014-04-14T14:55:43.384613 #25959]  INFO -- : 0:  bundler (1.5.1) from /Users/Modulus/.rvm/gems/ruby-2.0.0-p353@global/specifications/bundler-1.5.1.gemspec
I, [2014-04-14T15:00:47.691283 #26371]  INFO -- : 0:  rake (10.2.2) from /Users/Modulus/.rvm/gems/ruby-2.0.0-p353/specifications/rake-10.2.2.gemspec
I, [2014-04-14T15:00:47.691750 #26371]  INFO -- : 0:  i18n (0.6.9) from /Users/Modulus/.rvm/gems/ruby-2.0.0-p353/specifications/i18n-0.6.9.gemspec
I, [2014-04-14T15:00:47.692070 #26371]  INFO -- : 0:  json (1.8.1) from /Users/Modulus/.rvm/gems/ruby-2.0.0-p353/specifications/json-1.8.1.gemspec
I, [2014-04-14T15:00:47.692369 #26371]  INFO -- : 0:  minitest (5.3.2) from /Users/Modulus/.rvm/gems/ruby-2.0.0-p353/specifications/minitest-5.3.2.gemspec
I, [2014-04-14T15:00:47.692677 #26371]  INFO -- : 0:  thread_safe (0.3.3) from /Users/Modulus/.rvm/gems/ruby-2.0.0-p353/specifications/thread_safe-0.3.3.gemspec
I, [2014-04-14T15:00:47.692971 #26371]  INFO -- : 0:  tzinfo (1.1.0) from /Users/Modulus/.rvm/gems/ruby-2.0.0-p353/specifications/tzinfo-1.1.0.gemspec
I, [2014-04-14T15:00:47.693276 #26371]  INFO -- : 0:  activesupport (4.1.0) from /Users/Modulus/.rvm/gems/ruby-2.0.0-p353/specifications/activesupport-4.1.0.gemspec
I, [2014-04-14T15:00:47.693558 #26371]  INFO -- : 0:  builder (3.2.2) from /Users/Modulus/.rvm/gems/ruby-2.0.0-p353/specifications/builder-3.2.2.gemspec
I, [2014-04-14T15:00:47.693845 #26371]  INFO -- : 0:  activemodel (4.1.0) from /Users/Modulus/.rvm/gems/ruby-2.0.0-p353/specifications/activemodel-4.1.0.gemspec
I, [2014-04-14T15:00:47.694140 #26371]  INFO -- : 0:  arel (5.0.0) from /Users/Modulus/.rvm/gems/ruby-2.0.0-p353/specifications/arel-5.0.0.gemspec
I, [2014-04-14T15:00:47.694438 #26371]  INFO -- : 0:  activerecord (4.1.0) from /Users/Modulus/.rvm/gems/ruby-2.0.0-p353/specifications/activerecord-4.1.0.gemspec
I, [2014-04-14T15:00:47.694731 #26371]  INFO -- : 0:  pg (0.17.1) from /Users/Modulus/.rvm/gems/ruby-2.0.0-p353/specifications/pg-0.17.1.gemspec
I, [2014-04-14T15:00:47.695022 #26371]  INFO -- : 0:  rack (1.5.2) from /Users/Modulus/.rvm/gems/ruby-2.0.0-p353/specifications/rack-1.5.2.gemspec
I, [2014-04-14T15:00:47.695301 #26371]  INFO -- : 0:  rack-protection (1.5.2) from /Users/Modulus/.rvm/gems/ruby-2.0.0-p353/specifications/rack-protection-1.5.2.gemspec
I, [2014-04-14T15:00:47.695584 #26371]  INFO -- : 0:  shotgun (0.9) from /Users/Modulus/.rvm/gems/ruby-2.0.0-p353/specifications/shotgun-0.9.gemspec
I, [2014-04-14T15:00:47.695864 #26371]  INFO -- : 0:  tilt (1.4.1) from /Users/Modulus/.rvm/gems/ruby-2.0.0-p353/specifications/tilt-1.4.1.gemspec
I, [2014-04-14T15:00:47.696677 #26371]  INFO -- : 0:  sinatra (1.4.4) from /Users/Modulus/.rvm/gems/ruby-2.0.0-p353/specifications/sinatra-1.4.4.gemspec
I, [2014-04-14T15:00:47.697408 #26371]  INFO -- : 0:  sinatra-activerecord (1.7.0) from /Users/Modulus/.rvm/gems/ruby-2.0.0-p353/specifications/sinatra-activerecord-1.7.0.gemspec
I, [2014-04-14T15:00:47.698076 #26371]  INFO -- : 0:  bundler (1.5.1) from /Users/Modulus/.rvm/gems/ruby-2.0.0-p353@global/specifications/bundler-1.5.1.gemspec
I, [2014-04-14T15:01:08.606962 #26416]  INFO -- : 0:  rake (10.2.2) from /Users/Modulus/.rvm/gems/ruby-2.0.0-p353/specifications/rake-10.2.2.gemspec
I, [2014-04-14T15:01:08.607448 #26416]  INFO -- : 0:  i18n (0.6.9) from /Users/Modulus/.rvm/gems/ruby-2.0.0-p353/specifications/i18n-0.6.9.gemspec
I, [2014-04-14T15:01:08.607856 #26416]  INFO -- : 0:  json (1.8.1) from /Users/Modulus/.rvm/gems/ruby-2.0.0-p353/specifications/json-1.8.1.gemspec
I, [2014-04-14T15:01:08.608215 #26416]  INFO -- : 0:  minitest (5.3.2) from /Users/Modulus/.rvm/gems/ruby-2.0.0-p353/specifications/minitest-5.3.2.gemspec
I, [2014-04-14T15:01:08.608582 #26416]  INFO -- : 0:  thread_safe (0.3.3) from /Users/Modulus/.rvm/gems/ruby-2.0.0-p353/specifications/thread_safe-0.3.3.gemspec
I, [2014-04-14T15:01:08.608921 #26416]  INFO -- : 0:  tzinfo (1.1.0) from /Users/Modulus/.rvm/gems/ruby-2.0.0-p353/specifications/tzinfo-1.1.0.gemspec
I, [2014-04-14T15:01:08.609278 #26416]  INFO -- : 0:  activesupport (4.1.0) from /Users/Modulus/.rvm/gems/ruby-2.0.0-p353/specifications/activesupport-4.1.0.gemspec
I, [2014-04-14T15:01:08.609601 #26416]  INFO -- : 0:  builder (3.2.2) from /Users/Modulus/.rvm/gems/ruby-2.0.0-p353/specifications/builder-3.2.2.gemspec
I, [2014-04-14T15:01:08.609939 #26416]  INFO -- : 0:  activemodel (4.1.0) from /Users/Modulus/.rvm/gems/ruby-2.0.0-p353/specifications/activemodel-4.1.0.gemspec
I, [2014-04-14T15:01:08.610280 #26416]  INFO -- : 0:  arel (5.0.0) from /Users/Modulus/.rvm/gems/ruby-2.0.0-p353/specifications/arel-5.0.0.gemspec
I, [2014-04-14T15:01:08.610628 #26416]  INFO -- : 0:  activerecord (4.1.0) from /Users/Modulus/.rvm/gems/ruby-2.0.0-p353/specifications/activerecord-4.1.0.gemspec
I, [2014-04-14T15:01:08.610947 #26416]  INFO -- : 0:  pg (0.17.1) from /Users/Modulus/.rvm/gems/ruby-2.0.0-p353/specifications/pg-0.17.1.gemspec
I, [2014-04-14T15:01:08.611275 #26416]  INFO -- : 0:  rack (1.5.2) from /Users/Modulus/.rvm/gems/ruby-2.0.0-p353/specifications/rack-1.5.2.gemspec
I, [2014-04-14T15:01:08.611601 #26416]  INFO -- : 0:  rack-protection (1.5.2) from /Users/Modulus/.rvm/gems/ruby-2.0.0-p353/specifications/rack-protection-1.5.2.gemspec
I, [2014-04-14T15:01:08.611932 #26416]  INFO -- : 0:  shotgun (0.9) from /Users/Modulus/.rvm/gems/ruby-2.0.0-p353/specifications/shotgun-0.9.gemspec
I, [2014-04-14T15:01:08.612268 #26416]  INFO -- : 0:  tilt (1.4.1) from /Users/Modulus/.rvm/gems/ruby-2.0.0-p353/specifications/tilt-1.4.1.gemspec
I, [2014-04-14T15:01:08.612596 #26416]  INFO -- : 0:  sinatra (1.4.4) from /Users/Modulus/.rvm/gems/ruby-2.0.0-p353/specifications/sinatra-1.4.4.gemspec
I, [2014-04-14T15:01:08.612926 #26416]  INFO -- : 0:  sinatra-activerecord (1.7.0) from /Users/Modulus/.rvm/gems/ruby-2.0.0-p353/specifications/sinatra-activerecord-1.7.0.gemspec
I, [2014-04-14T15:01:08.613245 #26416]  INFO -- : 0:  bundler (1.5.1) from /Users/Modulus/.rvm/gems/ruby-2.0.0-p353@global/specifications/bundler-1.5.1.gemspec
I, [2014-04-14T15:02:07.406154 #26501]  INFO -- : 0:  rake (10.2.2) from /Users/Modulus/.rvm/gems/ruby-2.0.0-p353/specifications/rake-10.2.2.gemspec
I, [2014-04-14T15:02:07.406633 #26501]  INFO -- : 0:  i18n (0.6.9) from /Users/Modulus/.rvm/gems/ruby-2.0.0-p353/specifications/i18n-0.6.9.gemspec
I, [2014-04-14T15:02:07.407039 #26501]  INFO -- : 0:  json (1.8.1) from /Users/Modulus/.rvm/gems/ruby-2.0.0-p353/specifications/json-1.8.1.gemspec
I, [2014-04-14T15:02:07.407384 #26501]  INFO -- : 0:  minitest (5.3.2) from /Users/Modulus/.rvm/gems/ruby-2.0.0-p353/specifications/minitest-5.3.2.gemspec
I, [2014-04-14T15:02:07.407748 #26501]  INFO -- : 0:  thread_safe (0.3.3) from /Users/Modulus/.rvm/gems/ruby-2.0.0-p353/specifications/thread_safe-0.3.3.gemspec
I, [2014-04-14T15:02:07.408080 #26501]  INFO -- : 0:  tzinfo (1.1.0) from /Users/Modulus/.rvm/gems/ruby-2.0.0-p353/specifications/tzinfo-1.1.0.gemspec
I, [2014-04-14T15:02:07.408434 #26501]  INFO -- : 0:  activesupport (4.1.0) from /Users/Modulus/.rvm/gems/ruby-2.0.0-p353/specifications/activesupport-4.1.0.gemspec
I, [2014-04-14T15:02:07.408794 #26501]  INFO -- : 0:  builder (3.2.2) from /Users/Modulus/.rvm/gems/ruby-2.0.0-p353/specifications/builder-3.2.2.gemspec
I, [2014-04-14T15:02:07.409129 #26501]  INFO -- : 0:  activemodel (4.1.0) from /Users/Modulus/.rvm/gems/ruby-2.0.0-p353/specifications/activemodel-4.1.0.gemspec
I, [2014-04-14T15:02:07.409479 #26501]  INFO -- : 0:  arel (5.0.0) from /Users/Modulus/.rvm/gems/ruby-2.0.0-p353/specifications/arel-5.0.0.gemspec
I, [2014-04-14T15:02:07.409839 #26501]  INFO -- : 0:  activerecord (4.1.0) from /Users/Modulus/.rvm/gems/ruby-2.0.0-p353/specifications/activerecord-4.1.0.gemspec
I, [2014-04-14T15:02:07.410176 #26501]  INFO -- : 0:  coderay (1.1.0) from /Users/Modulus/.rvm/gems/ruby-2.0.0-p353/specifications/coderay-1.1.0.gemspec
I, [2014-04-14T15:02:07.410500 #26501]  INFO -- : 0:  method_source (0.8.2) from /Users/Modulus/.rvm/gems/ruby-2.0.0-p353/specifications/method_source-0.8.2.gemspec
I, [2014-04-14T15:02:07.410825 #26501]  INFO -- : 0:  pg (0.17.1) from /Users/Modulus/.rvm/gems/ruby-2.0.0-p353/specifications/pg-0.17.1.gemspec
I, [2014-04-14T15:02:07.411144 #26501]  INFO -- : 0:  slop (3.5.0) from /Users/Modulus/.rvm/gems/ruby-2.0.0-p353/specifications/slop-3.5.0.gemspec
I, [2014-04-14T15:02:07.411459 #26501]  INFO -- : 0:  pry (0.9.12.6) from /Users/Modulus/.rvm/gems/ruby-2.0.0-p353/specifications/pry-0.9.12.6.gemspec
I, [2014-04-14T15:02:07.411778 #26501]  INFO -- : 0:  rack (1.5.2) from /Users/Modulus/.rvm/gems/ruby-2.0.0-p353/specifications/rack-1.5.2.gemspec
I, [2014-04-14T15:02:07.412093 #26501]  INFO -- : 0:  rack-protection (1.5.2) from /Users/Modulus/.rvm/gems/ruby-2.0.0-p353/specifications/rack-protection-1.5.2.gemspec
I, [2014-04-14T15:02:07.412400 #26501]  INFO -- : 0:  shotgun (0.9) from /Users/Modulus/.rvm/gems/ruby-2.0.0-p353/specifications/shotgun-0.9.gemspec
I, [2014-04-14T15:02:07.412729 #26501]  INFO -- : 0:  tilt (1.4.1) from /Users/Modulus/.rvm/gems/ruby-2.0.0-p353/specifications/tilt-1.4.1.gemspec
I, [2014-04-14T15:02:07.413073 #26501]  INFO -- : 0:  sinatra (1.4.4) from /Users/Modulus/.rvm/gems/ruby-2.0.0-p353/specifications/sinatra-1.4.4.gemspec
I, [2014-04-14T15:02:07.413401 #26501]  INFO -- : 0:  sinatra-activerecord (1.7.0) from /Users/Modulus/.rvm/gems/ruby-2.0.0-p353/specifications/sinatra-activerecord-1.7.0.gemspec
I, [2014-04-14T15:02:07.413726 #26501]  INFO -- : 0:  bundler (1.5.1) from /Users/Modulus/.rvm/gems/ruby-2.0.0-p353@global/specifications/bundler-1.5.1.gemspec
I, [2014-04-14T15:06:32.110814 #26864]  INFO -- : 0:  rake (10.2.2) from /Users/Modulus/.rvm/gems/ruby-2.0.0-p353/specifications/rake-10.2.2.gemspec
I, [2014-04-14T15:06:32.111315 #26864]  INFO -- : 0:  i18n (0.6.9) from /Users/Modulus/.rvm/gems/ruby-2.0.0-p353/specifications/i18n-0.6.9.gemspec
I, [2014-04-14T15:06:32.111611 #26864]  INFO -- : 0:  minitest (4.7.5) from /Users/Modulus/.rvm/gems/ruby-2.0.0-p353/specifications/minitest-4.7.5.gemspec
I, [2014-04-14T15:06:32.112003 #26864]  INFO -- : 0:  multi_json (1.9.2) from /Users/Modulus/.rvm/gems/ruby-2.0.0-p353/specifications/multi_json-1.9.2.gemspec
I, [2014-04-14T15:06:32.112300 #26864]  INFO -- : 0:  thread_safe (0.3.3) from /Users/Modulus/.rvm/gems/ruby-2.0.0-p353/specifications/thread_safe-0.3.3.gemspec
I, [2014-04-14T15:06:32.112574 #26864]  INFO -- : 0:  tzinfo (0.3.39) from /Users/Modulus/.rvm/gems/ruby-2.0.0-p353/specifications/tzinfo-0.3.39.gemspec
I, [2014-04-14T15:06:32.112861 #26864]  INFO -- : 0:  activesupport (4.0.4) from /Users/Modulus/.rvm/gems/ruby-2.0.0-p353@global/specifications/activesupport-4.0.4.gemspec
I, [2014-04-14T15:06:32.113161 #26864]  INFO -- : 0:  builder (3.1.4) from /Users/Modulus/.rvm/gems/ruby-2.0.0-p353/specifications/builder-3.1.4.gemspec
I, [2014-04-14T15:06:32.113464 #26864]  INFO -- : 0:  activemodel (4.0.4) from /Users/Modulus/.rvm/gems/ruby-2.0.0-p353@global/specifications/activemodel-4.0.4.gemspec
I, [2014-04-14T15:06:32.113843 #26864]  INFO -- : 0:  activerecord-deprecated_finders (1.0.3) from /Users/Modulus/.rvm/gems/ruby-2.0.0-p353/specifications/activerecord-deprecated_finders-1.0.3.gemspec
I, [2014-04-14T15:06:32.114277 #26864]  INFO -- : 0:  arel (4.0.2) from /Users/Modulus/.rvm/gems/ruby-2.0.0-p353/specifications/arel-4.0.2.gemspec
I, [2014-04-14T15:06:32.114611 #26864]  INFO -- : 0:  activerecord (4.0.4) from /Users/Modulus/.rvm/gems/ruby-2.0.0-p353@global/specifications/activerecord-4.0.4.gemspec
I, [2014-04-14T15:06:32.114924 #26864]  INFO -- : 0:  coderay (1.1.0) from /Users/Modulus/.rvm/gems/ruby-2.0.0-p353/specifications/coderay-1.1.0.gemspec
I, [2014-04-14T15:06:32.115232 #26864]  INFO -- : 0:  method_source (0.8.2) from /Users/Modulus/.rvm/gems/ruby-2.0.0-p353/specifications/method_source-0.8.2.gemspec
I, [2014-04-14T15:06:32.115548 #26864]  INFO -- : 0:  pg (0.17.1) from /Users/Modulus/.rvm/gems/ruby-2.0.0-p353/specifications/pg-0.17.1.gemspec
I, [2014-04-14T15:06:32.115858 #26864]  INFO -- : 0:  slop (3.5.0) from /Users/Modulus/.rvm/gems/ruby-2.0.0-p353/specifications/slop-3.5.0.gemspec
I, [2014-04-14T15:06:32.116163 #26864]  INFO -- : 0:  pry (0.9.12.6) from /Users/Modulus/.rvm/gems/ruby-2.0.0-p353/specifications/pry-0.9.12.6.gemspec
I, [2014-04-14T15:06:32.116471 #26864]  INFO -- : 0:  rack (1.5.2) from /Users/Modulus/.rvm/gems/ruby-2.0.0-p353/specifications/rack-1.5.2.gemspec
I, [2014-04-14T15:06:32.116779 #26864]  INFO -- : 0:  rack-protection (1.5.2) from /Users/Modulus/.rvm/gems/ruby-2.0.0-p353/specifications/rack-protection-1.5.2.gemspec
I, [2014-04-14T15:06:32.117058 #26864]  INFO -- : 0:  shotgun (0.9) from /Users/Modulus/.rvm/gems/ruby-2.0.0-p353/specifications/shotgun-0.9.gemspec
I, [2014-04-14T15:06:32.117361 #26864]  INFO -- : 0:  tilt (1.4.1) from /Users/Modulus/.rvm/gems/ruby-2.0.0-p353/specifications/tilt-1.4.1.gemspec
I, [2014-04-14T15:06:32.117663 #26864]  INFO -- : 0:  sinatra (1.4.4) from /Users/Modulus/.rvm/gems/ruby-2.0.0-p353/specifications/sinatra-1.4.4.gemspec
I, [2014-04-14T15:06:32.117981 #26864]  INFO -- : 0:  sinatra-activerecord (1.7.0) from /Users/Modulus/.rvm/gems/ruby-2.0.0-p353/specifications/sinatra-activerecord-1.7.0.gemspec
I, [2014-04-14T15:06:32.118302 #26864]  INFO -- : 0:  bundler (1.5.1) from /Users/Modulus/.rvm/gems/ruby-2.0.0-p353@global/specifications/bundler-1.5.1.gemspec
I, [2014-04-14T15:07:11.717563 #26930]  INFO -- : 0:  rake (10.2.2) from /Users/Modulus/.rvm/gems/ruby-2.0.0-p353/specifications/rake-10.2.2.gemspec
I, [2014-04-14T15:07:11.718039 #26930]  INFO -- : 0:  i18n (0.6.9) from /Users/Modulus/.rvm/gems/ruby-2.0.0-p353/specifications/i18n-0.6.9.gemspec
I, [2014-04-14T15:07:11.718470 #26930]  INFO -- : 0:  minitest (4.7.5) from /Users/Modulus/.rvm/gems/ruby-2.0.0-p353/specifications/minitest-4.7.5.gemspec
I, [2014-04-14T15:07:11.719052 #26930]  INFO -- : 0:  multi_json (1.9.2) from /Users/Modulus/.rvm/gems/ruby-2.0.0-p353/specifications/multi_json-1.9.2.gemspec
I, [2014-04-14T15:07:11.719616 #26930]  INFO -- : 0:  thread_safe (0.3.3) from /Users/Modulus/.rvm/gems/ruby-2.0.0-p353/specifications/thread_safe-0.3.3.gemspec
I, [2014-04-14T15:07:11.720166 #26930]  INFO -- : 0:  tzinfo (0.3.39) from /Users/Modulus/.rvm/gems/ruby-2.0.0-p353/specifications/tzinfo-0.3.39.gemspec
I, [2014-04-14T15:07:11.720751 #26930]  INFO -- : 0:  activesupport (4.0.4) from /Users/Modulus/.rvm/gems/ruby-2.0.0-p353@global/specifications/activesupport-4.0.4.gemspec
I, [2014-04-14T15:07:11.721256 #26930]  INFO -- : 0:  builder (3.1.4) from /Users/Modulus/.rvm/gems/ruby-2.0.0-p353/specifications/builder-3.1.4.gemspec
I, [2014-04-14T15:07:11.721777 #26930]  INFO -- : 0:  activemodel (4.0.4) from /Users/Modulus/.rvm/gems/ruby-2.0.0-p353@global/specifications/activemodel-4.0.4.gemspec
I, [2014-04-14T15:07:11.722250 #26930]  INFO -- : 0:  activerecord-deprecated_finders (1.0.3) from /Users/Modulus/.rvm/gems/ruby-2.0.0-p353/specifications/activerecord-deprecated_finders-1.0.3.gemspec
I, [2014-04-14T15:07:11.722717 #26930]  INFO -- : 0:  arel (4.0.2) from /Users/Modulus/.rvm/gems/ruby-2.0.0-p353/specifications/arel-4.0.2.gemspec
I, [2014-04-14T15:07:11.723252 #26930]  INFO -- : 0:  activerecord (4.0.4) from /Users/Modulus/.rvm/gems/ruby-2.0.0-p353@global/specifications/activerecord-4.0.4.gemspec
I, [2014-04-14T15:07:11.723743 #26930]  INFO -- : 0:  coderay (1.1.0) from /Users/Modulus/.rvm/gems/ruby-2.0.0-p353/specifications/coderay-1.1.0.gemspec
I, [2014-04-14T15:07:11.724216 #26930]  INFO -- : 0:  method_source (0.8.2) from /Users/Modulus/.rvm/gems/ruby-2.0.0-p353/specifications/method_source-0.8.2.gemspec
I, [2014-04-14T15:07:11.724560 #26930]  INFO -- : 0:  pg (0.17.1) from /Users/Modulus/.rvm/gems/ruby-2.0.0-p353/specifications/pg-0.17.1.gemspec
I, [2014-04-14T15:07:11.724901 #26930]  INFO -- : 0:  slop (3.5.0) from /Users/Modulus/.rvm/gems/ruby-2.0.0-p353/specifications/slop-3.5.0.gemspec
I, [2014-04-14T15:07:11.725230 #26930]  INFO -- : 0:  pry (0.9.12.6) from /Users/Modulus/.rvm/gems/ruby-2.0.0-p353/specifications/pry-0.9.12.6.gemspec
I, [2014-04-14T15:07:11.725553 #26930]  INFO -- : 0:  rack (1.5.2) from /Users/Modulus/.rvm/gems/ruby-2.0.0-p353/specifications/rack-1.5.2.gemspec
I, [2014-04-14T15:07:13.158483 #26930]  INFO -- : 0:  rack-protection (1.5.3) from /Users/Modulus/.rvm/gems/ruby-2.0.0-p353/specifications/rack-protection-1.5.3.gemspec
I, [2014-04-14T15:07:13.159043 #26930]  INFO -- : 0:  shotgun (0.9) from /Users/Modulus/.rvm/gems/ruby-2.0.0-p353/specifications/shotgun-0.9.gemspec
I, [2014-04-14T15:07:13.159375 #26930]  INFO -- : 0:  tilt (1.4.1) from /Users/Modulus/.rvm/gems/ruby-2.0.0-p353/specifications/tilt-1.4.1.gemspec
I, [2014-04-14T15:07:14.926842 #26930]  INFO -- : 0:  sinatra (1.4.5) from /Users/Modulus/.rvm/gems/ruby-2.0.0-p353/specifications/sinatra-1.4.5.gemspec
I, [2014-04-14T15:07:14.927309 #26930]  INFO -- : 0:  sinatra-activerecord (1.7.0) from /Users/Modulus/.rvm/gems/ruby-2.0.0-p353/specifications/sinatra-activerecord-1.7.0.gemspec
I, [2014-04-14T15:07:14.927608 #26930]  INFO -- : 0:  bundler (1.5.1) from /Users/Modulus/.rvm/gems/ruby-2.0.0-p353@global/specifications/bundler-1.5.1.gemspec
